........................................................................ [ 64%]
.......................................                                  [100%]
111 passed in 35.22s
pytest exit=0
Name                                Stmts   Miss  Cover
-------------------------------------------------------
src/ggufone/runtime/capability.py     251     22    91%
src/ggufone/runtime/isolated.py        74      8    89%
src/ggufone/runtime/pressure.py        73      2    97%
-------------------------------------------------------
TOTAL                                 398     32    92%
